This is pdfTeX, Version 3.1415926-2.5-1.40.14 (TeX Live 2013) (format=.GNSS_Lab1_and_Lab2 2014.4.19)  19 APR 2014 18:22
entering extended mode
 restricted \write18 enabled.
 %&-line parsing enabled.
**&.GNSS_Lab1_and_Lab2 "./.GNSS_Lab1_and_Lab2.tex"
(./.GNSS_Lab1_and_Lab2.tex
LaTeX2e <2011/06/27>
Babel <3.9f> and hyphenation patterns for 78 languages loaded.
(./.GNSS_Lab1_and_Lab2.aux)
\openout1 = `.GNSS_Lab1_and_Lab2.aux'.

LaTeX Font Info:    Checking defaults for OML/cmm/m/it on input line 46.
LaTeX Font Info:    ... okay on input line 46.
LaTeX Font Info:    Checking defaults for T1/cmr/m/n on input line 46.
LaTeX Font Info:    ... okay on input line 46.
LaTeX Font Info:    Checking defaults for OT1/cmr/m/n on input line 46.
LaTeX Font Info:    ... okay on input line 46.
LaTeX Font Info:    Checking defaults for OMS/cmsy/m/n on input line 46.
LaTeX Font Info:    ... okay on input line 46.
LaTeX Font Info:    Checking defaults for OMX/cmex/m/n on input line 46.
LaTeX Font Info:    ... okay on input line 46.
LaTeX Font Info:    Checking defaults for U/cmr/m/n on input line 46.
LaTeX Font Info:    ... okay on input line 46.
LaTeX Font Info:    Checking defaults for PD1/pdf/m/n on input line 46.
LaTeX Font Info:    ... okay on input line 46.
LaTeX Font Info:    Checking defaults for PU/pdf/m/n on input line 46.
LaTeX Font Info:    ... okay on input line 46.
\AtBeginShipoutBox=\box30
(/usr/local/texlive/2013/texmf-dist/tex/context/base/supp-pdf.mkii
[Loading MPS to PDF converter (version 2006.09.02).]
\scratchcounter=\count122
\scratchdimen=\dimen136
\scratchbox=\box31
\nofMPsegments=\count123
\nofMParguments=\count124
\everyMPshowfont=\toks23
\MPscratchCnt=\count125
\MPscratchDim=\dimen137
\MPnumerator=\count126
\makeMPintoPDFobject=\count127
\everyMPtoPDFconversion=\toks24
) (/usr/local/texlive/2013/texmf-dist/tex/latex/oberdiek/epstopdf-base.sty
Package: epstopdf-base 2010/02/09 v2.5 Base part for package epstopdf
(/usr/local/texlive/2013/texmf-dist/tex/latex/oberdiek/grfext.sty
Package: grfext 2010/08/19 v1.1 Manage graphics extensions (HO)
)
Package grfext Info: Graphics extension search list:
(grfext)             [.png,.pdf,.jpg,.mps,.jpeg,.jbig2,.jb2,.PNG,.PDF,.JPG,.JPE
G,.JBIG2,.JB2,.eps]
(grfext)             \AppendGraphicsExtensions on input line 452.
(/usr/local/texlive/2013/texmf-dist/tex/latex/latexconfig/epstopdf-sys.cfg
File: epstopdf-sys.cfg 2010/07/13 v1.3 Configuration of (r)epstopdf for TeX Liv
e
))
Package hyperref Info: Link coloring ON on input line 46.
(/usr/local/texlive/2013/texmf-dist/tex/latex/hyperref/nameref.sty
Package: nameref 2012/10/27 v2.43 Cross-referencing by name of section
(/usr/local/texlive/2013/texmf-dist/tex/generic/oberdiek/gettitlestring.sty
Package: gettitlestring 2010/12/03 v1.4 Cleanup title references (HO)
)
\c@section@level=\count128
)
LaTeX Info: Redefining \ref on input line 46.
LaTeX Info: Redefining \pageref on input line 46.
LaTeX Info: Redefining \nameref on input line 46.
(./.GNSS_Lab1_and_Lab2.out) (./.GNSS_Lab1_and_Lab2.out)
\@outlinefile=\write3
\openout3 = `.GNSS_Lab1_and_Lab2.out'.

(./Sections/Introduction.tex) (./Sections/Methodology.tex [1{/usr/local/texlive
/2013/texmf-var/fonts/map/pdftex/updmap/pdftex.map}]) (./Sections/Results.tex (
./Tables/finalResults.tex
! Missing \cr inserted.
<inserted text> 
                \cr 
l.6 ...}{c}{Final} & \multicolumn{1}{c}{}$\sigma$}
                                                    & \multicolumn{1}{r}{App...
I'm guessing that you meant to end an alignment here.

! Misplaced alignment tab character &.
l.6 ...}{Final} & \multicolumn{1}{c}{}$\sigma$}  &
                                                   \multicolumn{1}{r}{Approx...
I can't figure out why you would want to use a tab mark
here. If you just want an ampersand, the remedy is
simple: Just type `I\&' now. But if some right brace
up above has ended a previous alignment prematurely,
you're probably due for more error messages, and you
might try typing `S' now just to see what is salvageable.

! Misplaced \omit.
\multispan ->\omit 
                   \@multispan